CRITICAL - 2026-06-17 16:27:47 --> Table 'sisalmacen.sta_log' doesn't exist
#0 /Users/zireael/Documents/GitHub/sisalmacen-master/system/Database/MySQLi/Connection.php(331): mysqli->query('INSERT INTO `st...')
#1 /Users/zireael/Documents/GitHub/sisalmacen-master/system/Database/BaseConnection.php(738): CodeIgniter\Database\MySQLi\Connection->execute('INSERT INTO `st...')
#2 /Users/zireael/Documents/GitHub/sisalmacen-master/system/Database/BaseConnection.php(666): CodeIgniter\Database\BaseConnection->simpleQuery('INSERT INTO `st...')
#3 /Users/zireael/Documents/GitHub/sisalmacen-master/system/Database/BaseBuilder.php(2234): CodeIgniter\Database\BaseConnection->query('INSERT INTO `st...', Array, false)
#4 /Users/zireael/Documents/GitHub/sisalmacen-master/app/Models/BaseModel.php(16): CodeIgniter\Database\BaseBuilder->insert(Array)
#5 /Users/zireael/Documents/GitHub/sisalmacen-master/app/Controllers/BaseController.php(97): App\Models\BaseModel->recordlog(Array)
#6 /Users/zireael/Documents/GitHub/sisalmacen-master/app/Controllers/BaseController.php(59): App\Controllers\BaseController->watson('127.0.0.1', '/', NULL, 'curl/8.7.1', '2026-06-17 04:2...', NULL)
#7 /Users/zireael/Documents/GitHub/sisalmacen-master/system/CodeIgniter.php(887): App\Controllers\BaseController->initController(Object(CodeIgniter\HTTP\IncomingRequest), Object(CodeIgniter\HTTP\Response), Object(CodeIgniter\Log\Logger))
#8 /Users/zireael/Documents/GitHub/sisalmacen-master/system/CodeIgniter.php(395): CodeIgniter\CodeIgniter->createController()
#9 /Users/zireael/Documents/GitHub/sisalmacen-master/system/CodeIgniter.php(308): CodeIgniter\CodeIgniter->handleRequest(NULL, Object(Config\Cache), false)
#10 /Users/zireael/Documents/GitHub/sisalmacen-master/public/index.php(37): CodeIgniter\CodeIgniter->run()
#11 {main}
CRITICAL - 2026-06-17 16:28:03 --> Table 'sisalmacen.sta_log' doesn't exist
#0 /Users/zireael/Documents/GitHub/sisalmacen-master/system/Database/MySQLi/Connection.php(331): mysqli->query('INSERT INTO `st...')
#1 /Users/zireael/Documents/GitHub/sisalmacen-master/system/Database/BaseConnection.php(738): CodeIgniter\Database\MySQLi\Connection->execute('INSERT INTO `st...')
#2 /Users/zireael/Documents/GitHub/sisalmacen-master/system/Database/BaseConnection.php(666): CodeIgniter\Database\BaseConnection->simpleQuery('INSERT INTO `st...')
#3 /Users/zireael/Documents/GitHub/sisalmacen-master/system/Database/BaseBuilder.php(2234): CodeIgniter\Database\BaseConnection->query('INSERT INTO `st...', Array, false)
#4 /Users/zireael/Documents/GitHub/sisalmacen-master/app/Models/BaseModel.php(16): CodeIgniter\Database\BaseBuilder->insert(Array)
#5 /Users/zireael/Documents/GitHub/sisalmacen-master/app/Controllers/BaseController.php(97): App\Models\BaseModel->recordlog(Array)
#6 /Users/zireael/Documents/GitHub/sisalmacen-master/app/Controllers/BaseController.php(59): App\Controllers\BaseController->watson('127.0.0.1', '/', NULL, 'Mozilla/5.0 (Ma...', '2026-06-17 04:2...', NULL)
#7 /Users/zireael/Documents/GitHub/sisalmacen-master/system/CodeIgniter.php(887): App\Controllers\BaseController->initController(Object(CodeIgniter\HTTP\IncomingRequest), Object(CodeIgniter\HTTP\Response), Object(CodeIgniter\Log\Logger))
#8 /Users/zireael/Documents/GitHub/sisalmacen-master/system/CodeIgniter.php(395): CodeIgniter\CodeIgniter->createController()
#9 /Users/zireael/Documents/GitHub/sisalmacen-master/system/CodeIgniter.php(308): CodeIgniter\CodeIgniter->handleRequest(NULL, Object(Config\Cache), false)
#10 /Users/zireael/Documents/GitHub/sisalmacen-master/public/index.php(37): CodeIgniter\CodeIgniter->run()
#11 {main}
CRITICAL - 2026-06-17 16:28:06 --> Table 'sisalmacen.sta_log' doesn't exist
#0 /Users/zireael/Documents/GitHub/sisalmacen-master/system/Database/MySQLi/Connection.php(331): mysqli->query('INSERT INTO `st...')
#1 /Users/zireael/Documents/GitHub/sisalmacen-master/system/Database/BaseConnection.php(738): CodeIgniter\Database\MySQLi\Connection->execute('INSERT INTO `st...')
#2 /Users/zireael/Documents/GitHub/sisalmacen-master/system/Database/BaseConnection.php(666): CodeIgniter\Database\BaseConnection->simpleQuery('INSERT INTO `st...')
#3 /Users/zireael/Documents/GitHub/sisalmacen-master/system/Database/BaseBuilder.php(2234): CodeIgniter\Database\BaseConnection->query('INSERT INTO `st...', Array, false)
#4 /Users/zireael/Documents/GitHub/sisalmacen-master/app/Models/BaseModel.php(16): CodeIgniter\Database\BaseBuilder->insert(Array)
#5 /Users/zireael/Documents/GitHub/sisalmacen-master/app/Controllers/BaseController.php(97): App\Models\BaseModel->recordlog(Array)
#6 /Users/zireael/Documents/GitHub/sisalmacen-master/app/Controllers/BaseController.php(59): App\Controllers\BaseController->watson('127.0.0.1', '/', NULL, 'curl/8.7.1', '2026-06-17 04:2...', NULL)
#7 /Users/zireael/Documents/GitHub/sisalmacen-master/system/CodeIgniter.php(887): App\Controllers\BaseController->initController(Object(CodeIgniter\HTTP\IncomingRequest), Object(CodeIgniter\HTTP\Response), Object(CodeIgniter\Log\Logger))
#8 /Users/zireael/Documents/GitHub/sisalmacen-master/system/CodeIgniter.php(395): CodeIgniter\CodeIgniter->createController()
#9 /Users/zireael/Documents/GitHub/sisalmacen-master/system/CodeIgniter.php(308): CodeIgniter\CodeIgniter->handleRequest(NULL, Object(Config\Cache), false)
#10 /Users/zireael/Documents/GitHub/sisalmacen-master/public/index.php(37): CodeIgniter\CodeIgniter->run()
#11 {main}
CRITICAL - 2026-06-17 16:36:17 --> Trying to access array offset on value of type null
#0 /Users/zireael/Documents/GitHub/sisalmacen-master/app/Models/Almacen_model.php(255): CodeIgniter\Debug\Exceptions->errorHandler(8, 'Trying to acces...', '/Users/zireael/...', 255, Array)
#1 /Users/zireael/Documents/GitHub/sisalmacen-master/app/Controllers/Solicitudes.php(27): App\Models\Almacen_model->obtenerPresentacionProd('1060')
#2 /Users/zireael/Documents/GitHub/sisalmacen-master/app/Controllers/Solicitudes.php(54): App\Controllers\Solicitudes->catalog()
#3 /Users/zireael/Documents/GitHub/sisalmacen-master/system/CodeIgniter.php(914): App\Controllers\Solicitudes->nuevaRequisicion()
#4 /Users/zireael/Documents/GitHub/sisalmacen-master/system/CodeIgniter.php(400): CodeIgniter\CodeIgniter->runController(Object(App\Controllers\Solicitudes))
#5 /Users/zireael/Documents/GitHub/sisalmacen-master/system/CodeIgniter.php(308): CodeIgniter\CodeIgniter->handleRequest(NULL, Object(Config\Cache), false)
#6 /Users/zireael/Documents/GitHub/sisalmacen-master/public/index.php(37): CodeIgniter\CodeIgniter->run()
#7 {main}
CRITICAL - 2026-06-17 16:36:29 --> Trying to access array offset on value of type null
#0 /Users/zireael/Documents/GitHub/sisalmacen-master/app/Models/Almacen_model.php(255): CodeIgniter\Debug\Exceptions->errorHandler(8, 'Trying to acces...', '/Users/zireael/...', 255, Array)
#1 /Users/zireael/Documents/GitHub/sisalmacen-master/app/Controllers/Solicitudes.php(27): App\Models\Almacen_model->obtenerPresentacionProd('1060')
#2 /Users/zireael/Documents/GitHub/sisalmacen-master/app/Controllers/Solicitudes.php(54): App\Controllers\Solicitudes->catalog()
#3 /Users/zireael/Documents/GitHub/sisalmacen-master/system/CodeIgniter.php(914): App\Controllers\Solicitudes->nuevaRequisicion()
#4 /Users/zireael/Documents/GitHub/sisalmacen-master/system/CodeIgniter.php(400): CodeIgniter\CodeIgniter->runController(Object(App\Controllers\Solicitudes))
#5 /Users/zireael/Documents/GitHub/sisalmacen-master/system/CodeIgniter.php(308): CodeIgniter\CodeIgniter->handleRequest(NULL, Object(Config\Cache), false)
#6 /Users/zireael/Documents/GitHub/sisalmacen-master/public/index.php(37): CodeIgniter\CodeIgniter->run()
#7 {main}
CRITICAL - 2026-06-17 17:30:02 --> Access denied for user ''@'localhost' (using password: YES)
#0 /Users/zireael/Documents/GitHub/sisalmacen/system/Database/BaseConnection.php(377): CodeIgniter\Database\MySQLi\Connection->connect(false)
#1 /Users/zireael/Documents/GitHub/sisalmacen/system/Database/BaseConnection.php(643): CodeIgniter\Database\BaseConnection->initialize()
#2 /Users/zireael/Documents/GitHub/sisalmacen/system/Database/BaseBuilder.php(2234): CodeIgniter\Database\BaseConnection->query('INSERT INTO `st...', Array, false)
#3 /Users/zireael/Documents/GitHub/sisalmacen/app/Models/BaseModel.php(16): CodeIgniter\Database\BaseBuilder->insert(Array)
#4 /Users/zireael/Documents/GitHub/sisalmacen/app/Controllers/BaseController.php(97): App\Models\BaseModel->recordlog(Array)
#5 /Users/zireael/Documents/GitHub/sisalmacen/app/Controllers/BaseController.php(59): App\Controllers\BaseController->watson('127.0.0.1', '/', NULL, 'Mozilla/5.0 (Ma...', '2026-06-17 05:3...', NULL)
#6 /Users/zireael/Documents/GitHub/sisalmacen/system/CodeIgniter.php(887): App\Controllers\BaseController->initController(Object(CodeIgniter\HTTP\IncomingRequest), Object(CodeIgniter\HTTP\Response), Object(CodeIgniter\Log\Logger))
#7 /Users/zireael/Documents/GitHub/sisalmacen/system/CodeIgniter.php(395): CodeIgniter\CodeIgniter->createController()
#8 /Users/zireael/Documents/GitHub/sisalmacen/system/CodeIgniter.php(308): CodeIgniter\CodeIgniter->handleRequest(NULL, Object(Config\Cache), false)
#9 /Users/zireael/Documents/GitHub/sisalmacen/public/index.php(37): CodeIgniter\CodeIgniter->run()
#10 {main}
CRITICAL - 2026-06-17 17:30:02 --> Access denied for user ''@'localhost' (using password: YES)
#0 /Users/zireael/Documents/GitHub/sisalmacen/system/Database/BaseConnection.php(377): CodeIgniter\Database\MySQLi\Connection->connect(false)
#1 /Users/zireael/Documents/GitHub/sisalmacen/system/Database/BaseConnection.php(643): CodeIgniter\Database\BaseConnection->initialize()
#2 /Users/zireael/Documents/GitHub/sisalmacen/system/Database/BaseBuilder.php(2234): CodeIgniter\Database\BaseConnection->query('INSERT INTO `st...', Array, false)
#3 /Users/zireael/Documents/GitHub/sisalmacen/app/Models/BaseModel.php(16): CodeIgniter\Database\BaseBuilder->insert(Array)
#4 /Users/zireael/Documents/GitHub/sisalmacen/app/Controllers/BaseController.php(97): App\Models\BaseModel->recordlog(Array)
#5 /Users/zireael/Documents/GitHub/sisalmacen/app/Controllers/BaseController.php(59): App\Controllers\BaseController->watson('127.0.0.1', '/', NULL, 'Mozilla/5.0 (Ma...', '2026-06-17 05:3...', NULL)
#6 /Users/zireael/Documents/GitHub/sisalmacen/system/CodeIgniter.php(887): App\Controllers\BaseController->initController(Object(CodeIgniter\HTTP\IncomingRequest), Object(CodeIgniter\HTTP\Response), Object(CodeIgniter\Log\Logger))
#7 /Users/zireael/Documents/GitHub/sisalmacen/system/CodeIgniter.php(395): CodeIgniter\CodeIgniter->createController()
#8 /Users/zireael/Documents/GitHub/sisalmacen/system/CodeIgniter.php(308): CodeIgniter\CodeIgniter->handleRequest(NULL, Object(Config\Cache), false)
#9 /Users/zireael/Documents/GitHub/sisalmacen/public/index.php(37): CodeIgniter\CodeIgniter->run()
#10 {main}
CRITICAL - 2026-06-17 17:30:03 --> Access denied for user ''@'localhost' (using password: YES)
#0 /Users/zireael/Documents/GitHub/sisalmacen/system/Database/BaseConnection.php(377): CodeIgniter\Database\MySQLi\Connection->connect(false)
#1 /Users/zireael/Documents/GitHub/sisalmacen/system/Database/BaseConnection.php(643): CodeIgniter\Database\BaseConnection->initialize()
#2 /Users/zireael/Documents/GitHub/sisalmacen/system/Database/BaseBuilder.php(2234): CodeIgniter\Database\BaseConnection->query('INSERT INTO `st...', Array, false)
#3 /Users/zireael/Documents/GitHub/sisalmacen/app/Models/BaseModel.php(16): CodeIgniter\Database\BaseBuilder->insert(Array)
#4 /Users/zireael/Documents/GitHub/sisalmacen/app/Controllers/BaseController.php(97): App\Models\BaseModel->recordlog(Array)
#5 /Users/zireael/Documents/GitHub/sisalmacen/app/Controllers/BaseController.php(59): App\Controllers\BaseController->watson('127.0.0.1', '/', NULL, 'Mozilla/5.0 (Ma...', '2026-06-17 05:3...', NULL)
#6 /Users/zireael/Documents/GitHub/sisalmacen/system/CodeIgniter.php(887): App\Controllers\BaseController->initController(Object(CodeIgniter\HTTP\IncomingRequest), Object(CodeIgniter\HTTP\Response), Object(CodeIgniter\Log\Logger))
#7 /Users/zireael/Documents/GitHub/sisalmacen/system/CodeIgniter.php(395): CodeIgniter\CodeIgniter->createController()
#8 /Users/zireael/Documents/GitHub/sisalmacen/system/CodeIgniter.php(308): CodeIgniter\CodeIgniter->handleRequest(NULL, Object(Config\Cache), false)
#9 /Users/zireael/Documents/GitHub/sisalmacen/public/index.php(37): CodeIgniter\CodeIgniter->run()
#10 {main}
CRITICAL - 2026-06-17 17:30:04 --> Access denied for user ''@'localhost' (using password: YES)
#0 /Users/zireael/Documents/GitHub/sisalmacen/system/Database/BaseConnection.php(377): CodeIgniter\Database\MySQLi\Connection->connect(false)
#1 /Users/zireael/Documents/GitHub/sisalmacen/system/Database/BaseConnection.php(643): CodeIgniter\Database\BaseConnection->initialize()
#2 /Users/zireael/Documents/GitHub/sisalmacen/system/Database/BaseBuilder.php(2234): CodeIgniter\Database\BaseConnection->query('INSERT INTO `st...', Array, false)
#3 /Users/zireael/Documents/GitHub/sisalmacen/app/Models/BaseModel.php(16): CodeIgniter\Database\BaseBuilder->insert(Array)
#4 /Users/zireael/Documents/GitHub/sisalmacen/app/Controllers/BaseController.php(97): App\Models\BaseModel->recordlog(Array)
#5 /Users/zireael/Documents/GitHub/sisalmacen/app/Controllers/BaseController.php(59): App\Controllers\BaseController->watson('127.0.0.1', '/', NULL, 'Mozilla/5.0 (Ma...', '2026-06-17 05:3...', NULL)
#6 /Users/zireael/Documents/GitHub/sisalmacen/system/CodeIgniter.php(887): App\Controllers\BaseController->initController(Object(CodeIgniter\HTTP\IncomingRequest), Object(CodeIgniter\HTTP\Response), Object(CodeIgniter\Log\Logger))
#7 /Users/zireael/Documents/GitHub/sisalmacen/system/CodeIgniter.php(395): CodeIgniter\CodeIgniter->createController()
#8 /Users/zireael/Documents/GitHub/sisalmacen/system/CodeIgniter.php(308): CodeIgniter\CodeIgniter->handleRequest(NULL, Object(Config\Cache), false)
#9 /Users/zireael/Documents/GitHub/sisalmacen/public/index.php(37): CodeIgniter\CodeIgniter->run()
#10 {main}
CRITICAL - 2026-06-17 17:30:06 --> Access denied for user ''@'localhost' (using password: YES)
#0 /Users/zireael/Documents/GitHub/sisalmacen/system/Database/BaseConnection.php(377): CodeIgniter\Database\MySQLi\Connection->connect(false)
#1 /Users/zireael/Documents/GitHub/sisalmacen/system/Database/BaseConnection.php(643): CodeIgniter\Database\BaseConnection->initialize()
#2 /Users/zireael/Documents/GitHub/sisalmacen/system/Database/BaseBuilder.php(2234): CodeIgniter\Database\BaseConnection->query('INSERT INTO `st...', Array, false)
#3 /Users/zireael/Documents/GitHub/sisalmacen/app/Models/BaseModel.php(16): CodeIgniter\Database\BaseBuilder->insert(Array)
#4 /Users/zireael/Documents/GitHub/sisalmacen/app/Controllers/BaseController.php(97): App\Models\BaseModel->recordlog(Array)
#5 /Users/zireael/Documents/GitHub/sisalmacen/app/Controllers/BaseController.php(59): App\Controllers\BaseController->watson('127.0.0.1', '/', NULL, 'Mozilla/5.0 (Ma...', '2026-06-17 05:3...', NULL)
#6 /Users/zireael/Documents/GitHub/sisalmacen/system/CodeIgniter.php(887): App\Controllers\BaseController->initController(Object(CodeIgniter\HTTP\IncomingRequest), Object(CodeIgniter\HTTP\Response), Object(CodeIgniter\Log\Logger))
#7 /Users/zireael/Documents/GitHub/sisalmacen/system/CodeIgniter.php(395): CodeIgniter\CodeIgniter->createController()
#8 /Users/zireael/Documents/GitHub/sisalmacen/system/CodeIgniter.php(308): CodeIgniter\CodeIgniter->handleRequest(NULL, Object(Config\Cache), false)
#9 /Users/zireael/Documents/GitHub/sisalmacen/public/index.php(37): CodeIgniter\CodeIgniter->run()
#10 {main}
CRITICAL - 2026-06-17 17:30:06 --> Access denied for user ''@'localhost' (using password: YES)
#0 /Users/zireael/Documents/GitHub/sisalmacen/system/Database/BaseConnection.php(377): CodeIgniter\Database\MySQLi\Connection->connect(false)
#1 /Users/zireael/Documents/GitHub/sisalmacen/system/Database/BaseConnection.php(643): CodeIgniter\Database\BaseConnection->initialize()
#2 /Users/zireael/Documents/GitHub/sisalmacen/system/Database/BaseBuilder.php(2234): CodeIgniter\Database\BaseConnection->query('INSERT INTO `st...', Array, false)
#3 /Users/zireael/Documents/GitHub/sisalmacen/app/Models/BaseModel.php(16): CodeIgniter\Database\BaseBuilder->insert(Array)
#4 /Users/zireael/Documents/GitHub/sisalmacen/app/Controllers/BaseController.php(97): App\Models\BaseModel->recordlog(Array)
#5 /Users/zireael/Documents/GitHub/sisalmacen/app/Controllers/BaseController.php(59): App\Controllers\BaseController->watson('127.0.0.1', '/', NULL, 'Mozilla/5.0 (Ma...', '2026-06-17 05:3...', NULL)
#6 /Users/zireael/Documents/GitHub/sisalmacen/system/CodeIgniter.php(887): App\Controllers\BaseController->initController(Object(CodeIgniter\HTTP\IncomingRequest), Object(CodeIgniter\HTTP\Response), Object(CodeIgniter\Log\Logger))
#7 /Users/zireael/Documents/GitHub/sisalmacen/system/CodeIgniter.php(395): CodeIgniter\CodeIgniter->createController()
#8 /Users/zireael/Documents/GitHub/sisalmacen/system/CodeIgniter.php(308): CodeIgniter\CodeIgniter->handleRequest(NULL, Object(Config\Cache), false)
#9 /Users/zireael/Documents/GitHub/sisalmacen/public/index.php(37): CodeIgniter\CodeIgniter->run()
#10 {main}
CRITICAL - 2026-06-17 17:30:06 --> Access denied for user ''@'localhost' (using password: YES)
#0 /Users/zireael/Documents/GitHub/sisalmacen/system/Database/BaseConnection.php(377): CodeIgniter\Database\MySQLi\Connection->connect(false)
#1 /Users/zireael/Documents/GitHub/sisalmacen/system/Database/BaseConnection.php(643): CodeIgniter\Database\BaseConnection->initialize()
#2 /Users/zireael/Documents/GitHub/sisalmacen/system/Database/BaseBuilder.php(2234): CodeIgniter\Database\BaseConnection->query('INSERT INTO `st...', Array, false)
#3 /Users/zireael/Documents/GitHub/sisalmacen/app/Models/BaseModel.php(16): CodeIgniter\Database\BaseBuilder->insert(Array)
#4 /Users/zireael/Documents/GitHub/sisalmacen/app/Controllers/BaseController.php(97): App\Models\BaseModel->recordlog(Array)
#5 /Users/zireael/Documents/GitHub/sisalmacen/app/Controllers/BaseController.php(59): App\Controllers\BaseController->watson('127.0.0.1', '/', NULL, 'Mozilla/5.0 (Ma...', '2026-06-17 05:3...', NULL)
#6 /Users/zireael/Documents/GitHub/sisalmacen/system/CodeIgniter.php(887): App\Controllers\BaseController->initController(Object(CodeIgniter\HTTP\IncomingRequest), Object(CodeIgniter\HTTP\Response), Object(CodeIgniter\Log\Logger))
#7 /Users/zireael/Documents/GitHub/sisalmacen/system/CodeIgniter.php(395): CodeIgniter\CodeIgniter->createController()
#8 /Users/zireael/Documents/GitHub/sisalmacen/system/CodeIgniter.php(308): CodeIgniter\CodeIgniter->handleRequest(NULL, Object(Config\Cache), false)
#9 /Users/zireael/Documents/GitHub/sisalmacen/public/index.php(37): CodeIgniter\CodeIgniter->run()
#10 {main}
CRITICAL - 2026-06-17 17:30:07 --> Access denied for user ''@'localhost' (using password: YES)
#0 /Users/zireael/Documents/GitHub/sisalmacen/system/Database/BaseConnection.php(377): CodeIgniter\Database\MySQLi\Connection->connect(false)
#1 /Users/zireael/Documents/GitHub/sisalmacen/system/Database/BaseConnection.php(643): CodeIgniter\Database\BaseConnection->initialize()
#2 /Users/zireael/Documents/GitHub/sisalmacen/system/Database/BaseBuilder.php(2234): CodeIgniter\Database\BaseConnection->query('INSERT INTO `st...', Array, false)
#3 /Users/zireael/Documents/GitHub/sisalmacen/app/Models/BaseModel.php(16): CodeIgniter\Database\BaseBuilder->insert(Array)
#4 /Users/zireael/Documents/GitHub/sisalmacen/app/Controllers/BaseController.php(97): App\Models\BaseModel->recordlog(Array)
#5 /Users/zireael/Documents/GitHub/sisalmacen/app/Controllers/BaseController.php(59): App\Controllers\BaseController->watson('127.0.0.1', '/', NULL, 'Mozilla/5.0 (Ma...', '2026-06-17 05:3...', NULL)
#6 /Users/zireael/Documents/GitHub/sisalmacen/system/CodeIgniter.php(887): App\Controllers\BaseController->initController(Object(CodeIgniter\HTTP\IncomingRequest), Object(CodeIgniter\HTTP\Response), Object(CodeIgniter\Log\Logger))
#7 /Users/zireael/Documents/GitHub/sisalmacen/system/CodeIgniter.php(395): CodeIgniter\CodeIgniter->createController()
#8 /Users/zireael/Documents/GitHub/sisalmacen/system/CodeIgniter.php(308): CodeIgniter\CodeIgniter->handleRequest(NULL, Object(Config\Cache), false)
#9 /Users/zireael/Documents/GitHub/sisalmacen/public/index.php(37): CodeIgniter\CodeIgniter->run()
#10 {main}
CRITICAL - 2026-06-17 17:30:07 --> Access denied for user ''@'localhost' (using password: YES)
#0 /Users/zireael/Documents/GitHub/sisalmacen/system/Database/BaseConnection.php(377): CodeIgniter\Database\MySQLi\Connection->connect(false)
#1 /Users/zireael/Documents/GitHub/sisalmacen/system/Database/BaseConnection.php(643): CodeIgniter\Database\BaseConnection->initialize()
#2 /Users/zireael/Documents/GitHub/sisalmacen/system/Database/BaseBuilder.php(2234): CodeIgniter\Database\BaseConnection->query('INSERT INTO `st...', Array, false)
#3 /Users/zireael/Documents/GitHub/sisalmacen/app/Models/BaseModel.php(16): CodeIgniter\Database\BaseBuilder->insert(Array)
#4 /Users/zireael/Documents/GitHub/sisalmacen/app/Controllers/BaseController.php(97): App\Models\BaseModel->recordlog(Array)
#5 /Users/zireael/Documents/GitHub/sisalmacen/app/Controllers/BaseController.php(59): App\Controllers\BaseController->watson('127.0.0.1', '/', NULL, 'Mozilla/5.0 (Ma...', '2026-06-17 05:3...', NULL)
#6 /Users/zireael/Documents/GitHub/sisalmacen/system/CodeIgniter.php(887): App\Controllers\BaseController->initController(Object(CodeIgniter\HTTP\IncomingRequest), Object(CodeIgniter\HTTP\Response), Object(CodeIgniter\Log\Logger))
#7 /Users/zireael/Documents/GitHub/sisalmacen/system/CodeIgniter.php(395): CodeIgniter\CodeIgniter->createController()
#8 /Users/zireael/Documents/GitHub/sisalmacen/system/CodeIgniter.php(308): CodeIgniter\CodeIgniter->handleRequest(NULL, Object(Config\Cache), false)
#9 /Users/zireael/Documents/GitHub/sisalmacen/public/index.php(37): CodeIgniter\CodeIgniter->run()
#10 {main}
CRITICAL - 2026-06-17 17:30:07 --> Access denied for user ''@'localhost' (using password: YES)
#0 /Users/zireael/Documents/GitHub/sisalmacen/system/Database/BaseConnection.php(377): CodeIgniter\Database\MySQLi\Connection->connect(false)
#1 /Users/zireael/Documents/GitHub/sisalmacen/system/Database/BaseConnection.php(643): CodeIgniter\Database\BaseConnection->initialize()
#2 /Users/zireael/Documents/GitHub/sisalmacen/system/Database/BaseBuilder.php(2234): CodeIgniter\Database\BaseConnection->query('INSERT INTO `st...', Array, false)
#3 /Users/zireael/Documents/GitHub/sisalmacen/app/Models/BaseModel.php(16): CodeIgniter\Database\BaseBuilder->insert(Array)
#4 /Users/zireael/Documents/GitHub/sisalmacen/app/Controllers/BaseController.php(97): App\Models\BaseModel->recordlog(Array)
#5 /Users/zireael/Documents/GitHub/sisalmacen/app/Controllers/BaseController.php(59): App\Controllers\BaseController->watson('127.0.0.1', '/', NULL, 'Mozilla/5.0 (Ma...', '2026-06-17 05:3...', NULL)
#6 /Users/zireael/Documents/GitHub/sisalmacen/system/CodeIgniter.php(887): App\Controllers\BaseController->initController(Object(CodeIgniter\HTTP\IncomingRequest), Object(CodeIgniter\HTTP\Response), Object(CodeIgniter\Log\Logger))
#7 /Users/zireael/Documents/GitHub/sisalmacen/system/CodeIgniter.php(395): CodeIgniter\CodeIgniter->createController()
#8 /Users/zireael/Documents/GitHub/sisalmacen/system/CodeIgniter.php(308): CodeIgniter\CodeIgniter->handleRequest(NULL, Object(Config\Cache), false)
#9 /Users/zireael/Documents/GitHub/sisalmacen/public/index.php(37): CodeIgniter\CodeIgniter->run()
#10 {main}
CRITICAL - 2026-06-17 17:30:07 --> Access denied for user ''@'localhost' (using password: YES)
#0 /Users/zireael/Documents/GitHub/sisalmacen/system/Database/BaseConnection.php(377): CodeIgniter\Database\MySQLi\Connection->connect(false)
#1 /Users/zireael/Documents/GitHub/sisalmacen/system/Database/BaseConnection.php(643): CodeIgniter\Database\BaseConnection->initialize()
#2 /Users/zireael/Documents/GitHub/sisalmacen/system/Database/BaseBuilder.php(2234): CodeIgniter\Database\BaseConnection->query('INSERT INTO `st...', Array, false)
#3 /Users/zireael/Documents/GitHub/sisalmacen/app/Models/BaseModel.php(16): CodeIgniter\Database\BaseBuilder->insert(Array)
#4 /Users/zireael/Documents/GitHub/sisalmacen/app/Controllers/BaseController.php(97): App\Models\BaseModel->recordlog(Array)
#5 /Users/zireael/Documents/GitHub/sisalmacen/app/Controllers/BaseController.php(59): App\Controllers\BaseController->watson('127.0.0.1', '/', NULL, 'Mozilla/5.0 (Ma...', '2026-06-17 05:3...', NULL)
#6 /Users/zireael/Documents/GitHub/sisalmacen/system/CodeIgniter.php(887): App\Controllers\BaseController->initController(Object(CodeIgniter\HTTP\IncomingRequest), Object(CodeIgniter\HTTP\Response), Object(CodeIgniter\Log\Logger))
#7 /Users/zireael/Documents/GitHub/sisalmacen/system/CodeIgniter.php(395): CodeIgniter\CodeIgniter->createController()
#8 /Users/zireael/Documents/GitHub/sisalmacen/system/CodeIgniter.php(308): CodeIgniter\CodeIgniter->handleRequest(NULL, Object(Config\Cache), false)
#9 /Users/zireael/Documents/GitHub/sisalmacen/public/index.php(37): CodeIgniter\CodeIgniter->run()
#10 {main}
CRITICAL - 2026-06-17 17:30:07 --> Access denied for user ''@'localhost' (using password: YES)
#0 /Users/zireael/Documents/GitHub/sisalmacen/system/Database/BaseConnection.php(377): CodeIgniter\Database\MySQLi\Connection->connect(false)
#1 /Users/zireael/Documents/GitHub/sisalmacen/system/Database/BaseConnection.php(643): CodeIgniter\Database\BaseConnection->initialize()
#2 /Users/zireael/Documents/GitHub/sisalmacen/system/Database/BaseBuilder.php(2234): CodeIgniter\Database\BaseConnection->query('INSERT INTO `st...', Array, false)
#3 /Users/zireael/Documents/GitHub/sisalmacen/app/Models/BaseModel.php(16): CodeIgniter\Database\BaseBuilder->insert(Array)
#4 /Users/zireael/Documents/GitHub/sisalmacen/app/Controllers/BaseController.php(97): App\Models\BaseModel->recordlog(Array)
#5 /Users/zireael/Documents/GitHub/sisalmacen/app/Controllers/BaseController.php(59): App\Controllers\BaseController->watson('127.0.0.1', '/', NULL, 'Mozilla/5.0 (Ma...', '2026-06-17 05:3...', NULL)
#6 /Users/zireael/Documents/GitHub/sisalmacen/system/CodeIgniter.php(887): App\Controllers\BaseController->initController(Object(CodeIgniter\HTTP\IncomingRequest), Object(CodeIgniter\HTTP\Response), Object(CodeIgniter\Log\Logger))
#7 /Users/zireael/Documents/GitHub/sisalmacen/system/CodeIgniter.php(395): CodeIgniter\CodeIgniter->createController()
#8 /Users/zireael/Documents/GitHub/sisalmacen/system/CodeIgniter.php(308): CodeIgniter\CodeIgniter->handleRequest(NULL, Object(Config\Cache), false)
#9 /Users/zireael/Documents/GitHub/sisalmacen/public/index.php(37): CodeIgniter\CodeIgniter->run()
#10 {main}
CRITICAL - 2026-06-17 17:30:10 --> Access denied for user ''@'localhost' (using password: YES)
#0 /Users/zireael/Documents/GitHub/sisalmacen/system/Database/BaseConnection.php(377): CodeIgniter\Database\MySQLi\Connection->connect(false)
#1 /Users/zireael/Documents/GitHub/sisalmacen/system/Database/BaseConnection.php(643): CodeIgniter\Database\BaseConnection->initialize()
#2 /Users/zireael/Documents/GitHub/sisalmacen/system/Database/BaseBuilder.php(2234): CodeIgniter\Database\BaseConnection->query('INSERT INTO `st...', Array, false)
#3 /Users/zireael/Documents/GitHub/sisalmacen/app/Models/BaseModel.php(16): CodeIgniter\Database\BaseBuilder->insert(Array)
#4 /Users/zireael/Documents/GitHub/sisalmacen/app/Controllers/BaseController.php(97): App\Models\BaseModel->recordlog(Array)
#5 /Users/zireael/Documents/GitHub/sisalmacen/app/Controllers/BaseController.php(59): App\Controllers\BaseController->watson('127.0.0.1', 'inicio', NULL, 'Mozilla/5.0 (Ma...', '2026-06-17 05:3...', NULL)
#6 /Users/zireael/Documents/GitHub/sisalmacen/system/CodeIgniter.php(887): App\Controllers\BaseController->initController(Object(CodeIgniter\HTTP\IncomingRequest), Object(CodeIgniter\HTTP\Response), Object(CodeIgniter\Log\Logger))
#7 /Users/zireael/Documents/GitHub/sisalmacen/system/CodeIgniter.php(395): CodeIgniter\CodeIgniter->createController()
#8 /Users/zireael/Documents/GitHub/sisalmacen/system/CodeIgniter.php(308): CodeIgniter\CodeIgniter->handleRequest(NULL, Object(Config\Cache), false)
#9 /Users/zireael/Documents/GitHub/sisalmacen/public/index.php(37): CodeIgniter\CodeIgniter->run()
#10 {main}
CRITICAL - 2026-06-17 17:30:11 --> Access denied for user ''@'localhost' (using password: YES)
#0 /Users/zireael/Documents/GitHub/sisalmacen/system/Database/BaseConnection.php(377): CodeIgniter\Database\MySQLi\Connection->connect(false)
#1 /Users/zireael/Documents/GitHub/sisalmacen/system/Database/BaseConnection.php(643): CodeIgniter\Database\BaseConnection->initialize()
#2 /Users/zireael/Documents/GitHub/sisalmacen/system/Database/BaseBuilder.php(2234): CodeIgniter\Database\BaseConnection->query('INSERT INTO `st...', Array, false)
#3 /Users/zireael/Documents/GitHub/sisalmacen/app/Models/BaseModel.php(16): CodeIgniter\Database\BaseBuilder->insert(Array)
#4 /Users/zireael/Documents/GitHub/sisalmacen/app/Controllers/BaseController.php(97): App\Models\BaseModel->recordlog(Array)
#5 /Users/zireael/Documents/GitHub/sisalmacen/app/Controllers/BaseController.php(59): App\Controllers\BaseController->watson('127.0.0.1', 'inicio', NULL, 'Mozilla/5.0 (Ma...', '2026-06-17 05:3...', NULL)
#6 /Users/zireael/Documents/GitHub/sisalmacen/system/CodeIgniter.php(887): App\Controllers\BaseController->initController(Object(CodeIgniter\HTTP\IncomingRequest), Object(CodeIgniter\HTTP\Response), Object(CodeIgniter\Log\Logger))
#7 /Users/zireael/Documents/GitHub/sisalmacen/system/CodeIgniter.php(395): CodeIgniter\CodeIgniter->createController()
#8 /Users/zireael/Documents/GitHub/sisalmacen/system/CodeIgniter.php(308): CodeIgniter\CodeIgniter->handleRequest(NULL, Object(Config\Cache), false)
#9 /Users/zireael/Documents/GitHub/sisalmacen/public/index.php(37): CodeIgniter\CodeIgniter->run()
#10 {main}
CRITICAL - 2026-06-17 17:30:11 --> Access denied for user ''@'localhost' (using password: YES)
#0 /Users/zireael/Documents/GitHub/sisalmacen/system/Database/BaseConnection.php(377): CodeIgniter\Database\MySQLi\Connection->connect(false)
#1 /Users/zireael/Documents/GitHub/sisalmacen/system/Database/BaseConnection.php(643): CodeIgniter\Database\BaseConnection->initialize()
#2 /Users/zireael/Documents/GitHub/sisalmacen/system/Database/BaseBuilder.php(2234): CodeIgniter\Database\BaseConnection->query('INSERT INTO `st...', Array, false)
#3 /Users/zireael/Documents/GitHub/sisalmacen/app/Models/BaseModel.php(16): CodeIgniter\Database\BaseBuilder->insert(Array)
#4 /Users/zireael/Documents/GitHub/sisalmacen/app/Controllers/BaseController.php(97): App\Models\BaseModel->recordlog(Array)
#5 /Users/zireael/Documents/GitHub/sisalmacen/app/Controllers/BaseController.php(59): App\Controllers\BaseController->watson('127.0.0.1', 'inicio', NULL, 'Mozilla/5.0 (Ma...', '2026-06-17 05:3...', NULL)
#6 /Users/zireael/Documents/GitHub/sisalmacen/system/CodeIgniter.php(887): App\Controllers\BaseController->initController(Object(CodeIgniter\HTTP\IncomingRequest), Object(CodeIgniter\HTTP\Response), Object(CodeIgniter\Log\Logger))
#7 /Users/zireael/Documents/GitHub/sisalmacen/system/CodeIgniter.php(395): CodeIgniter\CodeIgniter->createController()
#8 /Users/zireael/Documents/GitHub/sisalmacen/system/CodeIgniter.php(308): CodeIgniter\CodeIgniter->handleRequest(NULL, Object(Config\Cache), false)
#9 /Users/zireael/Documents/GitHub/sisalmacen/public/index.php(37): CodeIgniter\CodeIgniter->run()
#10 {main}
CRITICAL - 2026-06-17 17:30:11 --> Access denied for user ''@'localhost' (using password: YES)
#0 /Users/zireael/Documents/GitHub/sisalmacen/system/Database/BaseConnection.php(377): CodeIgniter\Database\MySQLi\Connection->connect(false)
#1 /Users/zireael/Documents/GitHub/sisalmacen/system/Database/BaseConnection.php(643): CodeIgniter\Database\BaseConnection->initialize()
#2 /Users/zireael/Documents/GitHub/sisalmacen/system/Database/BaseBuilder.php(2234): CodeIgniter\Database\BaseConnection->query('INSERT INTO `st...', Array, false)
#3 /Users/zireael/Documents/GitHub/sisalmacen/app/Models/BaseModel.php(16): CodeIgniter\Database\BaseBuilder->insert(Array)
#4 /Users/zireael/Documents/GitHub/sisalmacen/app/Controllers/BaseController.php(97): App\Models\BaseModel->recordlog(Array)
#5 /Users/zireael/Documents/GitHub/sisalmacen/app/Controllers/BaseController.php(59): App\Controllers\BaseController->watson('127.0.0.1', 'inicio', NULL, 'Mozilla/5.0 (Ma...', '2026-06-17 05:3...', NULL)
#6 /Users/zireael/Documents/GitHub/sisalmacen/system/CodeIgniter.php(887): App\Controllers\BaseController->initController(Object(CodeIgniter\HTTP\IncomingRequest), Object(CodeIgniter\HTTP\Response), Object(CodeIgniter\Log\Logger))
#7 /Users/zireael/Documents/GitHub/sisalmacen/system/CodeIgniter.php(395): CodeIgniter\CodeIgniter->createController()
#8 /Users/zireael/Documents/GitHub/sisalmacen/system/CodeIgniter.php(308): CodeIgniter\CodeIgniter->handleRequest(NULL, Object(Config\Cache), false)
#9 /Users/zireael/Documents/GitHub/sisalmacen/public/index.php(37): CodeIgniter\CodeIgniter->run()
#10 {main}
CRITICAL - 2026-06-17 17:30:11 --> Access denied for user ''@'localhost' (using password: YES)
#0 /Users/zireael/Documents/GitHub/sisalmacen/system/Database/BaseConnection.php(377): CodeIgniter\Database\MySQLi\Connection->connect(false)
#1 /Users/zireael/Documents/GitHub/sisalmacen/system/Database/BaseConnection.php(643): CodeIgniter\Database\BaseConnection->initialize()
#2 /Users/zireael/Documents/GitHub/sisalmacen/system/Database/BaseBuilder.php(2234): CodeIgniter\Database\BaseConnection->query('INSERT INTO `st...', Array, false)
#3 /Users/zireael/Documents/GitHub/sisalmacen/app/Models/BaseModel.php(16): CodeIgniter\Database\BaseBuilder->insert(Array)
#4 /Users/zireael/Documents/GitHub/sisalmacen/app/Controllers/BaseController.php(97): App\Models\BaseModel->recordlog(Array)
#5 /Users/zireael/Documents/GitHub/sisalmacen/app/Controllers/BaseController.php(59): App\Controllers\BaseController->watson('127.0.0.1', 'inicio', NULL, 'Mozilla/5.0 (Ma...', '2026-06-17 05:3...', NULL)
#6 /Users/zireael/Documents/GitHub/sisalmacen/system/CodeIgniter.php(887): App\Controllers\BaseController->initController(Object(CodeIgniter\HTTP\IncomingRequest), Object(CodeIgniter\HTTP\Response), Object(CodeIgniter\Log\Logger))
#7 /Users/zireael/Documents/GitHub/sisalmacen/system/CodeIgniter.php(395): CodeIgniter\CodeIgniter->createController()
#8 /Users/zireael/Documents/GitHub/sisalmacen/system/CodeIgniter.php(308): CodeIgniter\CodeIgniter->handleRequest(NULL, Object(Config\Cache), false)
#9 /Users/zireael/Documents/GitHub/sisalmacen/public/index.php(37): CodeIgniter\CodeIgniter->run()
#10 {main}
CRITICAL - 2026-06-17 17:30:12 --> Access denied for user ''@'localhost' (using password: YES)
#0 /Users/zireael/Documents/GitHub/sisalmacen/system/Database/BaseConnection.php(377): CodeIgniter\Database\MySQLi\Connection->connect(false)
#1 /Users/zireael/Documents/GitHub/sisalmacen/system/Database/BaseConnection.php(643): CodeIgniter\Database\BaseConnection->initialize()
#2 /Users/zireael/Documents/GitHub/sisalmacen/system/Database/BaseBuilder.php(2234): CodeIgniter\Database\BaseConnection->query('INSERT INTO `st...', Array, false)
#3 /Users/zireael/Documents/GitHub/sisalmacen/app/Models/BaseModel.php(16): CodeIgniter\Database\BaseBuilder->insert(Array)
#4 /Users/zireael/Documents/GitHub/sisalmacen/app/Controllers/BaseController.php(97): App\Models\BaseModel->recordlog(Array)
#5 /Users/zireael/Documents/GitHub/sisalmacen/app/Controllers/BaseController.php(59): App\Controllers\BaseController->watson('127.0.0.1', 'inicio', NULL, 'Mozilla/5.0 (Ma...', '2026-06-17 05:3...', NULL)
#6 /Users/zireael/Documents/GitHub/sisalmacen/system/CodeIgniter.php(887): App\Controllers\BaseController->initController(Object(CodeIgniter\HTTP\IncomingRequest), Object(CodeIgniter\HTTP\Response), Object(CodeIgniter\Log\Logger))
#7 /Users/zireael/Documents/GitHub/sisalmacen/system/CodeIgniter.php(395): CodeIgniter\CodeIgniter->createController()
#8 /Users/zireael/Documents/GitHub/sisalmacen/system/CodeIgniter.php(308): CodeIgniter\CodeIgniter->handleRequest(NULL, Object(Config\Cache), false)
#9 /Users/zireael/Documents/GitHub/sisalmacen/public/index.php(37): CodeIgniter\CodeIgniter->run()
#10 {main}
CRITICAL - 2026-06-17 17:30:38 --> Access denied for user ''@'localhost' (using password: YES)
#0 /Users/zireael/Documents/GitHub/sisalmacen/system/Database/BaseConnection.php(377): CodeIgniter\Database\MySQLi\Connection->connect(false)
#1 /Users/zireael/Documents/GitHub/sisalmacen/system/Database/BaseConnection.php(643): CodeIgniter\Database\BaseConnection->initialize()
#2 /Users/zireael/Documents/GitHub/sisalmacen/system/Database/BaseBuilder.php(2234): CodeIgniter\Database\BaseConnection->query('INSERT INTO `st...', Array, false)
#3 /Users/zireael/Documents/GitHub/sisalmacen/app/Models/BaseModel.php(16): CodeIgniter\Database\BaseBuilder->insert(Array)
#4 /Users/zireael/Documents/GitHub/sisalmacen/app/Controllers/BaseController.php(97): App\Models\BaseModel->recordlog(Array)
#5 /Users/zireael/Documents/GitHub/sisalmacen/app/Controllers/BaseController.php(59): App\Controllers\BaseController->watson('127.0.0.1', '/', NULL, 'Mozilla/5.0 (Ma...', '2026-06-17 05:3...', 'bryan.useche@sa...')
#6 /Users/zireael/Documents/GitHub/sisalmacen/system/CodeIgniter.php(887): App\Controllers\BaseController->initController(Object(CodeIgniter\HTTP\IncomingRequest), Object(CodeIgniter\HTTP\Response), Object(CodeIgniter\Log\Logger))
#7 /Users/zireael/Documents/GitHub/sisalmacen/system/CodeIgniter.php(395): CodeIgniter\CodeIgniter->createController()
#8 /Users/zireael/Documents/GitHub/sisalmacen/system/CodeIgniter.php(308): CodeIgniter\CodeIgniter->handleRequest(NULL, Object(Config\Cache), false)
#9 /Users/zireael/Documents/GitHub/sisalmacen/public/index.php(37): CodeIgniter\CodeIgniter->run()
#10 {main}
CRITICAL - 2026-06-17 17:30:40 --> Access denied for user ''@'localhost' (using password: YES)
#0 /Users/zireael/Documents/GitHub/sisalmacen/system/Database/BaseConnection.php(377): CodeIgniter\Database\MySQLi\Connection->connect(false)
#1 /Users/zireael/Documents/GitHub/sisalmacen/system/Database/BaseConnection.php(643): CodeIgniter\Database\BaseConnection->initialize()
#2 /Users/zireael/Documents/GitHub/sisalmacen/system/Database/BaseBuilder.php(2234): CodeIgniter\Database\BaseConnection->query('INSERT INTO `st...', Array, false)
#3 /Users/zireael/Documents/GitHub/sisalmacen/app/Models/BaseModel.php(16): CodeIgniter\Database\BaseBuilder->insert(Array)
#4 /Users/zireael/Documents/GitHub/sisalmacen/app/Controllers/BaseController.php(97): App\Models\BaseModel->recordlog(Array)
#5 /Users/zireael/Documents/GitHub/sisalmacen/app/Controllers/BaseController.php(59): App\Controllers\BaseController->watson('127.0.0.1', '/', NULL, 'Mozilla/5.0 (Ma...', '2026-06-17 05:3...', 'bryan.useche@sa...')
#6 /Users/zireael/Documents/GitHub/sisalmacen/system/CodeIgniter.php(887): App\Controllers\BaseController->initController(Object(CodeIgniter\HTTP\IncomingRequest), Object(CodeIgniter\HTTP\Response), Object(CodeIgniter\Log\Logger))
#7 /Users/zireael/Documents/GitHub/sisalmacen/system/CodeIgniter.php(395): CodeIgniter\CodeIgniter->createController()
#8 /Users/zireael/Documents/GitHub/sisalmacen/system/CodeIgniter.php(308): CodeIgniter\CodeIgniter->handleRequest(NULL, Object(Config\Cache), false)
#9 /Users/zireael/Documents/GitHub/sisalmacen/public/index.php(37): CodeIgniter\CodeIgniter->run()
#10 {main}
CRITICAL - 2026-06-17 17:31:44 --> Access denied for user ''@'localhost' (using password: YES)
#0 /Users/zireael/Documents/GitHub/sisalmacen/system/Database/BaseConnection.php(377): CodeIgniter\Database\MySQLi\Connection->connect(false)
#1 /Users/zireael/Documents/GitHub/sisalmacen/system/Database/BaseConnection.php(643): CodeIgniter\Database\BaseConnection->initialize()
#2 /Users/zireael/Documents/GitHub/sisalmacen/system/Database/BaseBuilder.php(2234): CodeIgniter\Database\BaseConnection->query('INSERT INTO `st...', Array, false)
#3 /Users/zireael/Documents/GitHub/sisalmacen/app/Models/BaseModel.php(16): CodeIgniter\Database\BaseBuilder->insert(Array)
#4 /Users/zireael/Documents/GitHub/sisalmacen/app/Controllers/BaseController.php(97): App\Models\BaseModel->recordlog(Array)
#5 /Users/zireael/Documents/GitHub/sisalmacen/app/Controllers/BaseController.php(59): App\Controllers\BaseController->watson('127.0.0.1', '/', NULL, 'Mozilla/5.0 (Ma...', '2026-06-17 05:3...', NULL)
#6 /Users/zireael/Documents/GitHub/sisalmacen/system/CodeIgniter.php(887): App\Controllers\BaseController->initController(Object(CodeIgniter\HTTP\IncomingRequest), Object(CodeIgniter\HTTP\Response), Object(CodeIgniter\Log\Logger))
#7 /Users/zireael/Documents/GitHub/sisalmacen/system/CodeIgniter.php(395): CodeIgniter\CodeIgniter->createController()
#8 /Users/zireael/Documents/GitHub/sisalmacen/system/CodeIgniter.php(308): CodeIgniter\CodeIgniter->handleRequest(NULL, Object(Config\Cache), false)
#9 /Users/zireael/Documents/GitHub/sisalmacen/public/index.php(37): CodeIgniter\CodeIgniter->run()
#10 {main}
CRITICAL - 2026-06-17 17:31:54 --> Access denied for user ''@'localhost' (using password: YES)
#0 /Users/zireael/Documents/GitHub/sisalmacen/system/Database/BaseConnection.php(377): CodeIgniter\Database\MySQLi\Connection->connect(false)
#1 /Users/zireael/Documents/GitHub/sisalmacen/system/Database/BaseConnection.php(643): CodeIgniter\Database\BaseConnection->initialize()
#2 /Users/zireael/Documents/GitHub/sisalmacen/system/Database/BaseBuilder.php(2234): CodeIgniter\Database\BaseConnection->query('INSERT INTO `st...', Array, false)
#3 /Users/zireael/Documents/GitHub/sisalmacen/app/Models/BaseModel.php(16): CodeIgniter\Database\BaseBuilder->insert(Array)
#4 /Users/zireael/Documents/GitHub/sisalmacen/app/Controllers/BaseController.php(97): App\Models\BaseModel->recordlog(Array)
#5 /Users/zireael/Documents/GitHub/sisalmacen/app/Controllers/BaseController.php(59): App\Controllers\BaseController->watson('127.0.0.1', 'inicio', NULL, 'Mozilla/5.0 (Ma...', '2026-06-17 05:3...', NULL)
#6 /Users/zireael/Documents/GitHub/sisalmacen/system/CodeIgniter.php(887): App\Controllers\BaseController->initController(Object(CodeIgniter\HTTP\IncomingRequest), Object(CodeIgniter\HTTP\Response), Object(CodeIgniter\Log\Logger))
#7 /Users/zireael/Documents/GitHub/sisalmacen/system/CodeIgniter.php(395): CodeIgniter\CodeIgniter->createController()
#8 /Users/zireael/Documents/GitHub/sisalmacen/system/CodeIgniter.php(308): CodeIgniter\CodeIgniter->handleRequest(NULL, Object(Config\Cache), false)
#9 /Users/zireael/Documents/GitHub/sisalmacen/public/index.php(37): CodeIgniter\CodeIgniter->run()
#10 {main}
CRITICAL - 2026-06-17 17:31:55 --> Access denied for user ''@'localhost' (using password: YES)
#0 /Users/zireael/Documents/GitHub/sisalmacen/system/Database/BaseConnection.php(377): CodeIgniter\Database\MySQLi\Connection->connect(false)
#1 /Users/zireael/Documents/GitHub/sisalmacen/system/Database/BaseConnection.php(643): CodeIgniter\Database\BaseConnection->initialize()
#2 /Users/zireael/Documents/GitHub/sisalmacen/system/Database/BaseBuilder.php(2234): CodeIgniter\Database\BaseConnection->query('INSERT INTO `st...', Array, false)
#3 /Users/zireael/Documents/GitHub/sisalmacen/app/Models/BaseModel.php(16): CodeIgniter\Database\BaseBuilder->insert(Array)
#4 /Users/zireael/Documents/GitHub/sisalmacen/app/Controllers/BaseController.php(97): App\Models\BaseModel->recordlog(Array)
#5 /Users/zireael/Documents/GitHub/sisalmacen/app/Controllers/BaseController.php(59): App\Controllers\BaseController->watson('127.0.0.1', 'inicio', NULL, 'Mozilla/5.0 (Ma...', '2026-06-17 05:3...', NULL)
#6 /Users/zireael/Documents/GitHub/sisalmacen/system/CodeIgniter.php(887): App\Controllers\BaseController->initController(Object(CodeIgniter\HTTP\IncomingRequest), Object(CodeIgniter\HTTP\Response), Object(CodeIgniter\Log\Logger))
#7 /Users/zireael/Documents/GitHub/sisalmacen/system/CodeIgniter.php(395): CodeIgniter\CodeIgniter->createController()
#8 /Users/zireael/Documents/GitHub/sisalmacen/system/CodeIgniter.php(308): CodeIgniter\CodeIgniter->handleRequest(NULL, Object(Config\Cache), false)
#9 /Users/zireael/Documents/GitHub/sisalmacen/public/index.php(37): CodeIgniter\CodeIgniter->run()
#10 {main}
CRITICAL - 2026-06-17 17:31:55 --> Access denied for user ''@'localhost' (using password: YES)
#0 /Users/zireael/Documents/GitHub/sisalmacen/system/Database/BaseConnection.php(377): CodeIgniter\Database\MySQLi\Connection->connect(false)
#1 /Users/zireael/Documents/GitHub/sisalmacen/system/Database/BaseConnection.php(643): CodeIgniter\Database\BaseConnection->initialize()
#2 /Users/zireael/Documents/GitHub/sisalmacen/system/Database/BaseBuilder.php(2234): CodeIgniter\Database\BaseConnection->query('INSERT INTO `st...', Array, false)
#3 /Users/zireael/Documents/GitHub/sisalmacen/app/Models/BaseModel.php(16): CodeIgniter\Database\BaseBuilder->insert(Array)
#4 /Users/zireael/Documents/GitHub/sisalmacen/app/Controllers/BaseController.php(97): App\Models\BaseModel->recordlog(Array)
#5 /Users/zireael/Documents/GitHub/sisalmacen/app/Controllers/BaseController.php(59): App\Controllers\BaseController->watson('127.0.0.1', 'inicio', NULL, 'Mozilla/5.0 (Ma...', '2026-06-17 05:3...', NULL)
#6 /Users/zireael/Documents/GitHub/sisalmacen/system/CodeIgniter.php(887): App\Controllers\BaseController->initController(Object(CodeIgniter\HTTP\IncomingRequest), Object(CodeIgniter\HTTP\Response), Object(CodeIgniter\Log\Logger))
#7 /Users/zireael/Documents/GitHub/sisalmacen/system/CodeIgniter.php(395): CodeIgniter\CodeIgniter->createController()
#8 /Users/zireael/Documents/GitHub/sisalmacen/system/CodeIgniter.php(308): CodeIgniter\CodeIgniter->handleRequest(NULL, Object(Config\Cache), false)
#9 /Users/zireael/Documents/GitHub/sisalmacen/public/index.php(37): CodeIgniter\CodeIgniter->run()
#10 {main}
CRITICAL - 2026-06-17 17:31:55 --> Access denied for user ''@'localhost' (using password: YES)
#0 /Users/zireael/Documents/GitHub/sisalmacen/system/Database/BaseConnection.php(377): CodeIgniter\Database\MySQLi\Connection->connect(false)
#1 /Users/zireael/Documents/GitHub/sisalmacen/system/Database/BaseConnection.php(643): CodeIgniter\Database\BaseConnection->initialize()
#2 /Users/zireael/Documents/GitHub/sisalmacen/system/Database/BaseBuilder.php(2234): CodeIgniter\Database\BaseConnection->query('INSERT INTO `st...', Array, false)
#3 /Users/zireael/Documents/GitHub/sisalmacen/app/Models/BaseModel.php(16): CodeIgniter\Database\BaseBuilder->insert(Array)
#4 /Users/zireael/Documents/GitHub/sisalmacen/app/Controllers/BaseController.php(97): App\Models\BaseModel->recordlog(Array)
#5 /Users/zireael/Documents/GitHub/sisalmacen/app/Controllers/BaseController.php(59): App\Controllers\BaseController->watson('127.0.0.1', 'inicio', NULL, 'Mozilla/5.0 (Ma...', '2026-06-17 05:3...', NULL)
#6 /Users/zireael/Documents/GitHub/sisalmacen/system/CodeIgniter.php(887): App\Controllers\BaseController->initController(Object(CodeIgniter\HTTP\IncomingRequest), Object(CodeIgniter\HTTP\Response), Object(CodeIgniter\Log\Logger))
#7 /Users/zireael/Documents/GitHub/sisalmacen/system/CodeIgniter.php(395): CodeIgniter\CodeIgniter->createController()
#8 /Users/zireael/Documents/GitHub/sisalmacen/system/CodeIgniter.php(308): CodeIgniter\CodeIgniter->handleRequest(NULL, Object(Config\Cache), false)
#9 /Users/zireael/Documents/GitHub/sisalmacen/public/index.php(37): CodeIgniter\CodeIgniter->run()
#10 {main}
CRITICAL - 2026-06-17 17:31:55 --> Access denied for user ''@'localhost' (using password: YES)
#0 /Users/zireael/Documents/GitHub/sisalmacen/system/Database/BaseConnection.php(377): CodeIgniter\Database\MySQLi\Connection->connect(false)
#1 /Users/zireael/Documents/GitHub/sisalmacen/system/Database/BaseConnection.php(643): CodeIgniter\Database\BaseConnection->initialize()
#2 /Users/zireael/Documents/GitHub/sisalmacen/system/Database/BaseBuilder.php(2234): CodeIgniter\Database\BaseConnection->query('INSERT INTO `st...', Array, false)
#3 /Users/zireael/Documents/GitHub/sisalmacen/app/Models/BaseModel.php(16): CodeIgniter\Database\BaseBuilder->insert(Array)
#4 /Users/zireael/Documents/GitHub/sisalmacen/app/Controllers/BaseController.php(97): App\Models\BaseModel->recordlog(Array)
#5 /Users/zireael/Documents/GitHub/sisalmacen/app/Controllers/BaseController.php(59): App\Controllers\BaseController->watson('127.0.0.1', 'inicio', NULL, 'Mozilla/5.0 (Ma...', '2026-06-17 05:3...', NULL)
#6 /Users/zireael/Documents/GitHub/sisalmacen/system/CodeIgniter.php(887): App\Controllers\BaseController->initController(Object(CodeIgniter\HTTP\IncomingRequest), Object(CodeIgniter\HTTP\Response), Object(CodeIgniter\Log\Logger))
#7 /Users/zireael/Documents/GitHub/sisalmacen/system/CodeIgniter.php(395): CodeIgniter\CodeIgniter->createController()
#8 /Users/zireael/Documents/GitHub/sisalmacen/system/CodeIgniter.php(308): CodeIgniter\CodeIgniter->handleRequest(NULL, Object(Config\Cache), false)
#9 /Users/zireael/Documents/GitHub/sisalmacen/public/index.php(37): CodeIgniter\CodeIgniter->run()
#10 {main}
CRITICAL - 2026-06-17 17:31:55 --> Access denied for user ''@'localhost' (using password: YES)
#0 /Users/zireael/Documents/GitHub/sisalmacen/system/Database/BaseConnection.php(377): CodeIgniter\Database\MySQLi\Connection->connect(false)
#1 /Users/zireael/Documents/GitHub/sisalmacen/system/Database/BaseConnection.php(643): CodeIgniter\Database\BaseConnection->initialize()
#2 /Users/zireael/Documents/GitHub/sisalmacen/system/Database/BaseBuilder.php(2234): CodeIgniter\Database\BaseConnection->query('INSERT INTO `st...', Array, false)
#3 /Users/zireael/Documents/GitHub/sisalmacen/app/Models/BaseModel.php(16): CodeIgniter\Database\BaseBuilder->insert(Array)
#4 /Users/zireael/Documents/GitHub/sisalmacen/app/Controllers/BaseController.php(97): App\Models\BaseModel->recordlog(Array)
#5 /Users/zireael/Documents/GitHub/sisalmacen/app/Controllers/BaseController.php(59): App\Controllers\BaseController->watson('127.0.0.1', 'inicio', NULL, 'Mozilla/5.0 (Ma...', '2026-06-17 05:3...', NULL)
#6 /Users/zireael/Documents/GitHub/sisalmacen/system/CodeIgniter.php(887): App\Controllers\BaseController->initController(Object(CodeIgniter\HTTP\IncomingRequest), Object(CodeIgniter\HTTP\Response), Object(CodeIgniter\Log\Logger))
#7 /Users/zireael/Documents/GitHub/sisalmacen/system/CodeIgniter.php(395): CodeIgniter\CodeIgniter->createController()
#8 /Users/zireael/Documents/GitHub/sisalmacen/system/CodeIgniter.php(308): CodeIgniter\CodeIgniter->handleRequest(NULL, Object(Config\Cache), false)
#9 /Users/zireael/Documents/GitHub/sisalmacen/public/index.php(37): CodeIgniter\CodeIgniter->run()
#10 {main}
CRITICAL - 2026-06-17 17:31:56 --> Access denied for user ''@'localhost' (using password: YES)
#0 /Users/zireael/Documents/GitHub/sisalmacen/system/Database/BaseConnection.php(377): CodeIgniter\Database\MySQLi\Connection->connect(false)
#1 /Users/zireael/Documents/GitHub/sisalmacen/system/Database/BaseConnection.php(643): CodeIgniter\Database\BaseConnection->initialize()
#2 /Users/zireael/Documents/GitHub/sisalmacen/system/Database/BaseBuilder.php(2234): CodeIgniter\Database\BaseConnection->query('INSERT INTO `st...', Array, false)
#3 /Users/zireael/Documents/GitHub/sisalmacen/app/Models/BaseModel.php(16): CodeIgniter\Database\BaseBuilder->insert(Array)
#4 /Users/zireael/Documents/GitHub/sisalmacen/app/Controllers/BaseController.php(97): App\Models\BaseModel->recordlog(Array)
#5 /Users/zireael/Documents/GitHub/sisalmacen/app/Controllers/BaseController.php(59): App\Controllers\BaseController->watson('127.0.0.1', 'inicio', NULL, 'Mozilla/5.0 (Ma...', '2026-06-17 05:3...', NULL)
#6 /Users/zireael/Documents/GitHub/sisalmacen/system/CodeIgniter.php(887): App\Controllers\BaseController->initController(Object(CodeIgniter\HTTP\IncomingRequest), Object(CodeIgniter\HTTP\Response), Object(CodeIgniter\Log\Logger))
#7 /Users/zireael/Documents/GitHub/sisalmacen/system/CodeIgniter.php(395): CodeIgniter\CodeIgniter->createController()
#8 /Users/zireael/Documents/GitHub/sisalmacen/system/CodeIgniter.php(308): CodeIgniter\CodeIgniter->handleRequest(NULL, Object(Config\Cache), false)
#9 /Users/zireael/Documents/GitHub/sisalmacen/public/index.php(37): CodeIgniter\CodeIgniter->run()
#10 {main}
CRITICAL - 2026-06-17 17:31:56 --> Access denied for user ''@'localhost' (using password: YES)
#0 /Users/zireael/Documents/GitHub/sisalmacen/system/Database/BaseConnection.php(377): CodeIgniter\Database\MySQLi\Connection->connect(false)
#1 /Users/zireael/Documents/GitHub/sisalmacen/system/Database/BaseConnection.php(643): CodeIgniter\Database\BaseConnection->initialize()
#2 /Users/zireael/Documents/GitHub/sisalmacen/system/Database/BaseBuilder.php(2234): CodeIgniter\Database\BaseConnection->query('INSERT INTO `st...', Array, false)
#3 /Users/zireael/Documents/GitHub/sisalmacen/app/Models/BaseModel.php(16): CodeIgniter\Database\BaseBuilder->insert(Array)
#4 /Users/zireael/Documents/GitHub/sisalmacen/app/Controllers/BaseController.php(97): App\Models\BaseModel->recordlog(Array)
#5 /Users/zireael/Documents/GitHub/sisalmacen/app/Controllers/BaseController.php(59): App\Controllers\BaseController->watson('127.0.0.1', 'inicio', NULL, 'Mozilla/5.0 (Ma...', '2026-06-17 05:3...', NULL)
#6 /Users/zireael/Documents/GitHub/sisalmacen/system/CodeIgniter.php(887): App\Controllers\BaseController->initController(Object(CodeIgniter\HTTP\IncomingRequest), Object(CodeIgniter\HTTP\Response), Object(CodeIgniter\Log\Logger))
#7 /Users/zireael/Documents/GitHub/sisalmacen/system/CodeIgniter.php(395): CodeIgniter\CodeIgniter->createController()
#8 /Users/zireael/Documents/GitHub/sisalmacen/system/CodeIgniter.php(308): CodeIgniter\CodeIgniter->handleRequest(NULL, Object(Config\Cache), false)
#9 /Users/zireael/Documents/GitHub/sisalmacen/public/index.php(37): CodeIgniter\CodeIgniter->run()
#10 {main}
CRITICAL - 2026-06-17 17:31:56 --> Access denied for user ''@'localhost' (using password: YES)
#0 /Users/zireael/Documents/GitHub/sisalmacen/system/Database/BaseConnection.php(377): CodeIgniter\Database\MySQLi\Connection->connect(false)
#1 /Users/zireael/Documents/GitHub/sisalmacen/system/Database/BaseConnection.php(643): CodeIgniter\Database\BaseConnection->initialize()
#2 /Users/zireael/Documents/GitHub/sisalmacen/system/Database/BaseBuilder.php(2234): CodeIgniter\Database\BaseConnection->query('INSERT INTO `st...', Array, false)
#3 /Users/zireael/Documents/GitHub/sisalmacen/app/Models/BaseModel.php(16): CodeIgniter\Database\BaseBuilder->insert(Array)
#4 /Users/zireael/Documents/GitHub/sisalmacen/app/Controllers/BaseController.php(97): App\Models\BaseModel->recordlog(Array)
#5 /Users/zireael/Documents/GitHub/sisalmacen/app/Controllers/BaseController.php(59): App\Controllers\BaseController->watson('127.0.0.1', 'inicio', NULL, 'Mozilla/5.0 (Ma...', '2026-06-17 05:3...', NULL)
#6 /Users/zireael/Documents/GitHub/sisalmacen/system/CodeIgniter.php(887): App\Controllers\BaseController->initController(Object(CodeIgniter\HTTP\IncomingRequest), Object(CodeIgniter\HTTP\Response), Object(CodeIgniter\Log\Logger))
#7 /Users/zireael/Documents/GitHub/sisalmacen/system/CodeIgniter.php(395): CodeIgniter\CodeIgniter->createController()
#8 /Users/zireael/Documents/GitHub/sisalmacen/system/CodeIgniter.php(308): CodeIgniter\CodeIgniter->handleRequest(NULL, Object(Config\Cache), false)
#9 /Users/zireael/Documents/GitHub/sisalmacen/public/index.php(37): CodeIgniter\CodeIgniter->run()
#10 {main}
CRITICAL - 2026-06-17 17:31:57 --> Access denied for user ''@'localhost' (using password: YES)
#0 /Users/zireael/Documents/GitHub/sisalmacen/system/Database/BaseConnection.php(377): CodeIgniter\Database\MySQLi\Connection->connect(false)
#1 /Users/zireael/Documents/GitHub/sisalmacen/system/Database/BaseConnection.php(643): CodeIgniter\Database\BaseConnection->initialize()
#2 /Users/zireael/Documents/GitHub/sisalmacen/system/Database/BaseBuilder.php(2234): CodeIgniter\Database\BaseConnection->query('INSERT INTO `st...', Array, false)
#3 /Users/zireael/Documents/GitHub/sisalmacen/app/Models/BaseModel.php(16): CodeIgniter\Database\BaseBuilder->insert(Array)
#4 /Users/zireael/Documents/GitHub/sisalmacen/app/Controllers/BaseController.php(97): App\Models\BaseModel->recordlog(Array)
#5 /Users/zireael/Documents/GitHub/sisalmacen/app/Controllers/BaseController.php(59): App\Controllers\BaseController->watson('127.0.0.1', 'inicio', NULL, 'Mozilla/5.0 (Ma...', '2026-06-17 05:3...', NULL)
#6 /Users/zireael/Documents/GitHub/sisalmacen/system/CodeIgniter.php(887): App\Controllers\BaseController->initController(Object(CodeIgniter\HTTP\IncomingRequest), Object(CodeIgniter\HTTP\Response), Object(CodeIgniter\Log\Logger))
#7 /Users/zireael/Documents/GitHub/sisalmacen/system/CodeIgniter.php(395): CodeIgniter\CodeIgniter->createController()
#8 /Users/zireael/Documents/GitHub/sisalmacen/system/CodeIgniter.php(308): CodeIgniter\CodeIgniter->handleRequest(NULL, Object(Config\Cache), false)
#9 /Users/zireael/Documents/GitHub/sisalmacen/public/index.php(37): CodeIgniter\CodeIgniter->run()
#10 {main}
CRITICAL - 2026-06-17 17:31:57 --> Access denied for user ''@'localhost' (using password: YES)
#0 /Users/zireael/Documents/GitHub/sisalmacen/system/Database/BaseConnection.php(377): CodeIgniter\Database\MySQLi\Connection->connect(false)
#1 /Users/zireael/Documents/GitHub/sisalmacen/system/Database/BaseConnection.php(643): CodeIgniter\Database\BaseConnection->initialize()
#2 /Users/zireael/Documents/GitHub/sisalmacen/system/Database/BaseBuilder.php(2234): CodeIgniter\Database\BaseConnection->query('INSERT INTO `st...', Array, false)
#3 /Users/zireael/Documents/GitHub/sisalmacen/app/Models/BaseModel.php(16): CodeIgniter\Database\BaseBuilder->insert(Array)
#4 /Users/zireael/Documents/GitHub/sisalmacen/app/Controllers/BaseController.php(97): App\Models\BaseModel->recordlog(Array)
#5 /Users/zireael/Documents/GitHub/sisalmacen/app/Controllers/BaseController.php(59): App\Controllers\BaseController->watson('127.0.0.1', 'inicio', NULL, 'Mozilla/5.0 (Ma...', '2026-06-17 05:3...', NULL)
#6 /Users/zireael/Documents/GitHub/sisalmacen/system/CodeIgniter.php(887): App\Controllers\BaseController->initController(Object(CodeIgniter\HTTP\IncomingRequest), Object(CodeIgniter\HTTP\Response), Object(CodeIgniter\Log\Logger))
#7 /Users/zireael/Documents/GitHub/sisalmacen/system/CodeIgniter.php(395): CodeIgniter\CodeIgniter->createController()
#8 /Users/zireael/Documents/GitHub/sisalmacen/system/CodeIgniter.php(308): CodeIgniter\CodeIgniter->handleRequest(NULL, Object(Config\Cache), false)
#9 /Users/zireael/Documents/GitHub/sisalmacen/public/index.php(37): CodeIgniter\CodeIgniter->run()
#10 {main}
CRITICAL - 2026-06-17 17:31:58 --> Access denied for user ''@'localhost' (using password: YES)
#0 /Users/zireael/Documents/GitHub/sisalmacen/system/Database/BaseConnection.php(377): CodeIgniter\Database\MySQLi\Connection->connect(false)
#1 /Users/zireael/Documents/GitHub/sisalmacen/system/Database/BaseConnection.php(643): CodeIgniter\Database\BaseConnection->initialize()
#2 /Users/zireael/Documents/GitHub/sisalmacen/system/Database/BaseBuilder.php(2234): CodeIgniter\Database\BaseConnection->query('INSERT INTO `st...', Array, false)
#3 /Users/zireael/Documents/GitHub/sisalmacen/app/Models/BaseModel.php(16): CodeIgniter\Database\BaseBuilder->insert(Array)
#4 /Users/zireael/Documents/GitHub/sisalmacen/app/Controllers/BaseController.php(97): App\Models\BaseModel->recordlog(Array)
#5 /Users/zireael/Documents/GitHub/sisalmacen/app/Controllers/BaseController.php(59): App\Controllers\BaseController->watson('127.0.0.1', 'inicio', NULL, 'Mozilla/5.0 (Ma...', '2026-06-17 05:3...', NULL)
#6 /Users/zireael/Documents/GitHub/sisalmacen/system/CodeIgniter.php(887): App\Controllers\BaseController->initController(Object(CodeIgniter\HTTP\IncomingRequest), Object(CodeIgniter\HTTP\Response), Object(CodeIgniter\Log\Logger))
#7 /Users/zireael/Documents/GitHub/sisalmacen/system/CodeIgniter.php(395): CodeIgniter\CodeIgniter->createController()
#8 /Users/zireael/Documents/GitHub/sisalmacen/system/CodeIgniter.php(308): CodeIgniter\CodeIgniter->handleRequest(NULL, Object(Config\Cache), false)
#9 /Users/zireael/Documents/GitHub/sisalmacen/public/index.php(37): CodeIgniter\CodeIgniter->run()
#10 {main}
CRITICAL - 2026-06-17 17:32:57 --> Access denied for user ''@'localhost' (using password: YES)
#0 /Users/zireael/Documents/GitHub/sisalmacen/system/Database/BaseConnection.php(377): CodeIgniter\Database\MySQLi\Connection->connect(false)
#1 /Users/zireael/Documents/GitHub/sisalmacen/system/Database/BaseConnection.php(643): CodeIgniter\Database\BaseConnection->initialize()
#2 /Users/zireael/Documents/GitHub/sisalmacen/system/Database/BaseBuilder.php(2234): CodeIgniter\Database\BaseConnection->query('INSERT INTO `st...', Array, false)
#3 /Users/zireael/Documents/GitHub/sisalmacen/app/Models/BaseModel.php(16): CodeIgniter\Database\BaseBuilder->insert(Array)
#4 /Users/zireael/Documents/GitHub/sisalmacen/app/Controllers/BaseController.php(97): App\Models\BaseModel->recordlog(Array)
#5 /Users/zireael/Documents/GitHub/sisalmacen/app/Controllers/BaseController.php(59): App\Controllers\BaseController->watson('127.0.0.1', '/', NULL, 'curl/8.7.1', '2026-06-17 05:3...', NULL)
#6 /Users/zireael/Documents/GitHub/sisalmacen/system/CodeIgniter.php(887): App\Controllers\BaseController->initController(Object(CodeIgniter\HTTP\IncomingRequest), Object(CodeIgniter\HTTP\Response), Object(CodeIgniter\Log\Logger))
#7 /Users/zireael/Documents/GitHub/sisalmacen/system/CodeIgniter.php(395): CodeIgniter\CodeIgniter->createController()
#8 /Users/zireael/Documents/GitHub/sisalmacen/system/CodeIgniter.php(308): CodeIgniter\CodeIgniter->handleRequest(NULL, Object(Config\Cache), false)
#9 /Users/zireael/Documents/GitHub/sisalmacen/public/index.php(37): CodeIgniter\CodeIgniter->run()
#10 {main}
CRITICAL - 2026-06-17 17:33:02 --> Access denied for user ''@'localhost' (using password: YES)
#0 /Users/zireael/Documents/GitHub/sisalmacen/system/Database/BaseConnection.php(377): CodeIgniter\Database\MySQLi\Connection->connect(false)
#1 /Users/zireael/Documents/GitHub/sisalmacen/system/Database/BaseConnection.php(643): CodeIgniter\Database\BaseConnection->initialize()
#2 /Users/zireael/Documents/GitHub/sisalmacen/system/Database/BaseBuilder.php(2234): CodeIgniter\Database\BaseConnection->query('INSERT INTO `st...', Array, false)
#3 /Users/zireael/Documents/GitHub/sisalmacen/app/Models/BaseModel.php(16): CodeIgniter\Database\BaseBuilder->insert(Array)
#4 /Users/zireael/Documents/GitHub/sisalmacen/app/Controllers/BaseController.php(97): App\Models\BaseModel->recordlog(Array)
#5 /Users/zireael/Documents/GitHub/sisalmacen/app/Controllers/BaseController.php(59): App\Controllers\BaseController->watson('127.0.0.1', '/', NULL, 'curl/8.7.1', '2026-06-17 05:3...', NULL)
#6 /Users/zireael/Documents/GitHub/sisalmacen/system/CodeIgniter.php(887): App\Controllers\BaseController->initController(Object(CodeIgniter\HTTP\IncomingRequest), Object(CodeIgniter\HTTP\Response), Object(CodeIgniter\Log\Logger))
#7 /Users/zireael/Documents/GitHub/sisalmacen/system/CodeIgniter.php(395): CodeIgniter\CodeIgniter->createController()
#8 /Users/zireael/Documents/GitHub/sisalmacen/system/CodeIgniter.php(308): CodeIgniter\CodeIgniter->handleRequest(NULL, Object(Config\Cache), false)
#9 /Users/zireael/Documents/GitHub/sisalmacen/public/index.php(37): CodeIgniter\CodeIgniter->run()
#10 {main}
CRITICAL - 2026-06-17 17:33:28 --> Access denied for user ''@'localhost' (using password: YES)
#0 /Users/zireael/Documents/GitHub/sisalmacen/system/Database/BaseConnection.php(377): CodeIgniter\Database\MySQLi\Connection->connect(false)
#1 /Users/zireael/Documents/GitHub/sisalmacen/system/Database/BaseConnection.php(643): CodeIgniter\Database\BaseConnection->initialize()
#2 /Users/zireael/Documents/GitHub/sisalmacen/system/Database/BaseBuilder.php(2234): CodeIgniter\Database\BaseConnection->query('INSERT INTO `st...', Array, false)
#3 /Users/zireael/Documents/GitHub/sisalmacen/app/Models/BaseModel.php(16): CodeIgniter\Database\BaseBuilder->insert(Array)
#4 /Users/zireael/Documents/GitHub/sisalmacen/app/Controllers/BaseController.php(97): App\Models\BaseModel->recordlog(Array)
#5 /Users/zireael/Documents/GitHub/sisalmacen/app/Controllers/BaseController.php(59): App\Controllers\BaseController->watson('127.0.0.1', '/', NULL, 'curl/8.7.1', '2026-06-17 05:3...', NULL)
#6 /Users/zireael/Documents/GitHub/sisalmacen/system/CodeIgniter.php(887): App\Controllers\BaseController->initController(Object(CodeIgniter\HTTP\IncomingRequest), Object(CodeIgniter\HTTP\Response), Object(CodeIgniter\Log\Logger))
#7 /Users/zireael/Documents/GitHub/sisalmacen/system/CodeIgniter.php(395): CodeIgniter\CodeIgniter->createController()
#8 /Users/zireael/Documents/GitHub/sisalmacen/system/CodeIgniter.php(308): CodeIgniter\CodeIgniter->handleRequest(NULL, Object(Config\Cache), false)
#9 /Users/zireael/Documents/GitHub/sisalmacen/public/index.php(37): CodeIgniter\CodeIgniter->run()
#10 {main}
CRITICAL - 2026-06-17 17:33:44 --> Access denied for user ''@'localhost' (using password: YES)
#0 /Users/zireael/Documents/GitHub/sisalmacen/system/Database/BaseConnection.php(377): CodeIgniter\Database\MySQLi\Connection->connect(false)
#1 /Users/zireael/Documents/GitHub/sisalmacen/system/Database/BaseConnection.php(643): CodeIgniter\Database\BaseConnection->initialize()
#2 /Users/zireael/Documents/GitHub/sisalmacen/system/Database/BaseBuilder.php(2234): CodeIgniter\Database\BaseConnection->query('INSERT INTO `st...', Array, false)
#3 /Users/zireael/Documents/GitHub/sisalmacen/app/Models/BaseModel.php(16): CodeIgniter\Database\BaseBuilder->insert(Array)
#4 /Users/zireael/Documents/GitHub/sisalmacen/app/Controllers/BaseController.php(97): App\Models\BaseModel->recordlog(Array)
#5 /Users/zireael/Documents/GitHub/sisalmacen/app/Controllers/BaseController.php(59): App\Controllers\BaseController->watson('127.0.0.1', '/', NULL, 'curl/8.7.1', '2026-06-17 05:3...', NULL)
#6 /Users/zireael/Documents/GitHub/sisalmacen/system/CodeIgniter.php(887): App\Controllers\BaseController->initController(Object(CodeIgniter\HTTP\IncomingRequest), Object(CodeIgniter\HTTP\Response), Object(CodeIgniter\Log\Logger))
#7 /Users/zireael/Documents/GitHub/sisalmacen/system/CodeIgniter.php(395): CodeIgniter\CodeIgniter->createController()
#8 /Users/zireael/Documents/GitHub/sisalmacen/system/CodeIgniter.php(308): CodeIgniter\CodeIgniter->handleRequest(NULL, Object(Config\Cache), false)
#9 /Users/zireael/Documents/GitHub/sisalmacen/public/index.php(37): CodeIgniter\CodeIgniter->run()
#10 {main}
CRITICAL - 2026-06-17 17:34:06 --> Access denied for user ''@'localhost' (using password: YES)
#0 /Users/zireael/Documents/GitHub/sisalmacen/system/Database/BaseConnection.php(377): CodeIgniter\Database\MySQLi\Connection->connect(false)
#1 /Users/zireael/Documents/GitHub/sisalmacen/system/Database/BaseConnection.php(643): CodeIgniter\Database\BaseConnection->initialize()
#2 /Users/zireael/Documents/GitHub/sisalmacen/system/Database/BaseBuilder.php(2234): CodeIgniter\Database\BaseConnection->query('INSERT INTO `st...', Array, false)
#3 /Users/zireael/Documents/GitHub/sisalmacen/app/Models/BaseModel.php(16): CodeIgniter\Database\BaseBuilder->insert(Array)
#4 /Users/zireael/Documents/GitHub/sisalmacen/app/Controllers/BaseController.php(97): App\Models\BaseModel->recordlog(Array)
#5 /Users/zireael/Documents/GitHub/sisalmacen/app/Controllers/BaseController.php(59): App\Controllers\BaseController->watson('127.0.0.1', '/', NULL, 'curl/8.7.1', '2026-06-17 05:3...', NULL)
#6 /Users/zireael/Documents/GitHub/sisalmacen/system/CodeIgniter.php(887): App\Controllers\BaseController->initController(Object(CodeIgniter\HTTP\IncomingRequest), Object(CodeIgniter\HTTP\Response), Object(CodeIgniter\Log\Logger))
#7 /Users/zireael/Documents/GitHub/sisalmacen/system/CodeIgniter.php(395): CodeIgniter\CodeIgniter->createController()
#8 /Users/zireael/Documents/GitHub/sisalmacen/system/CodeIgniter.php(308): CodeIgniter\CodeIgniter->handleRequest(NULL, Object(Config\Cache), false)
#9 /Users/zireael/Documents/GitHub/sisalmacen/public/index.php(37): CodeIgniter\CodeIgniter->run()
#10 {main}
CRITICAL - 2026-06-17 17:34:40 --> Access denied for user ''@'localhost' (using password: YES)
#0 /Users/zireael/Documents/GitHub/sisalmacen/system/Database/BaseConnection.php(377): CodeIgniter\Database\MySQLi\Connection->connect(false)
#1 /Users/zireael/Documents/GitHub/sisalmacen/system/Database/BaseConnection.php(643): CodeIgniter\Database\BaseConnection->initialize()
#2 /Users/zireael/Documents/GitHub/sisalmacen/system/Database/BaseBuilder.php(2234): CodeIgniter\Database\BaseConnection->query('INSERT INTO `st...', Array, false)
#3 /Users/zireael/Documents/GitHub/sisalmacen/app/Models/BaseModel.php(16): CodeIgniter\Database\BaseBuilder->insert(Array)
#4 /Users/zireael/Documents/GitHub/sisalmacen/app/Controllers/BaseController.php(97): App\Models\BaseModel->recordlog(Array)
#5 /Users/zireael/Documents/GitHub/sisalmacen/app/Controllers/BaseController.php(59): App\Controllers\BaseController->watson('127.0.0.1', 'inicio', NULL, 'Mozilla/5.0 (Ma...', '2026-06-17 05:3...', NULL)
#6 /Users/zireael/Documents/GitHub/sisalmacen/system/CodeIgniter.php(887): App\Controllers\BaseController->initController(Object(CodeIgniter\HTTP\IncomingRequest), Object(CodeIgniter\HTTP\Response), Object(CodeIgniter\Log\Logger))
#7 /Users/zireael/Documents/GitHub/sisalmacen/system/CodeIgniter.php(395): CodeIgniter\CodeIgniter->createController()
#8 /Users/zireael/Documents/GitHub/sisalmacen/system/CodeIgniter.php(308): CodeIgniter\CodeIgniter->handleRequest(NULL, Object(Config\Cache), false)
#9 /Users/zireael/Documents/GitHub/sisalmacen/public/index.php(37): CodeIgniter\CodeIgniter->run()
#10 {main}
CRITICAL - 2026-06-17 17:35:29 --> Access denied for user ''@'localhost' (using password: YES)
#0 /Users/zireael/Documents/GitHub/sisalmacen/system/Database/BaseConnection.php(377): CodeIgniter\Database\MySQLi\Connection->connect(false)
#1 /Users/zireael/Documents/GitHub/sisalmacen/system/Database/BaseConnection.php(643): CodeIgniter\Database\BaseConnection->initialize()
#2 /Users/zireael/Documents/GitHub/sisalmacen/system/Database/BaseBuilder.php(2234): CodeIgniter\Database\BaseConnection->query('INSERT INTO `st...', Array, false)
#3 /Users/zireael/Documents/GitHub/sisalmacen/app/Models/BaseModel.php(16): CodeIgniter\Database\BaseBuilder->insert(Array)
#4 /Users/zireael/Documents/GitHub/sisalmacen/app/Controllers/BaseController.php(97): App\Models\BaseModel->recordlog(Array)
#5 /Users/zireael/Documents/GitHub/sisalmacen/app/Controllers/BaseController.php(59): App\Controllers\BaseController->watson('127.0.0.1', 'inicio', NULL, 'Mozilla/5.0 (Ma...', '2026-06-17 05:3...', NULL)
#6 /Users/zireael/Documents/GitHub/sisalmacen/system/CodeIgniter.php(887): App\Controllers\BaseController->initController(Object(CodeIgniter\HTTP\IncomingRequest), Object(CodeIgniter\HTTP\Response), Object(CodeIgniter\Log\Logger))
#7 /Users/zireael/Documents/GitHub/sisalmacen/system/CodeIgniter.php(395): CodeIgniter\CodeIgniter->createController()
#8 /Users/zireael/Documents/GitHub/sisalmacen/system/CodeIgniter.php(308): CodeIgniter\CodeIgniter->handleRequest(NULL, Object(Config\Cache), false)
#9 /Users/zireael/Documents/GitHub/sisalmacen/public/index.php(37): CodeIgniter\CodeIgniter->run()
#10 {main}
CRITICAL - 2026-06-17 17:35:29 --> Access denied for user ''@'localhost' (using password: YES)
#0 /Users/zireael/Documents/GitHub/sisalmacen/system/Database/BaseConnection.php(377): CodeIgniter\Database\MySQLi\Connection->connect(false)
#1 /Users/zireael/Documents/GitHub/sisalmacen/system/Database/BaseConnection.php(643): CodeIgniter\Database\BaseConnection->initialize()
#2 /Users/zireael/Documents/GitHub/sisalmacen/system/Database/BaseBuilder.php(2234): CodeIgniter\Database\BaseConnection->query('INSERT INTO `st...', Array, false)
#3 /Users/zireael/Documents/GitHub/sisalmacen/app/Models/BaseModel.php(16): CodeIgniter\Database\BaseBuilder->insert(Array)
#4 /Users/zireael/Documents/GitHub/sisalmacen/app/Controllers/BaseController.php(97): App\Models\BaseModel->recordlog(Array)
#5 /Users/zireael/Documents/GitHub/sisalmacen/app/Controllers/BaseController.php(59): App\Controllers\BaseController->watson('127.0.0.1', 'inicio', NULL, 'Mozilla/5.0 (Ma...', '2026-06-17 05:3...', NULL)
#6 /Users/zireael/Documents/GitHub/sisalmacen/system/CodeIgniter.php(887): App\Controllers\BaseController->initController(Object(CodeIgniter\HTTP\IncomingRequest), Object(CodeIgniter\HTTP\Response), Object(CodeIgniter\Log\Logger))
#7 /Users/zireael/Documents/GitHub/sisalmacen/system/CodeIgniter.php(395): CodeIgniter\CodeIgniter->createController()
#8 /Users/zireael/Documents/GitHub/sisalmacen/system/CodeIgniter.php(308): CodeIgniter\CodeIgniter->handleRequest(NULL, Object(Config\Cache), false)
#9 /Users/zireael/Documents/GitHub/sisalmacen/public/index.php(37): CodeIgniter\CodeIgniter->run()
#10 {main}
CRITICAL - 2026-06-17 17:35:30 --> Access denied for user ''@'localhost' (using password: YES)
#0 /Users/zireael/Documents/GitHub/sisalmacen/system/Database/BaseConnection.php(377): CodeIgniter\Database\MySQLi\Connection->connect(false)
#1 /Users/zireael/Documents/GitHub/sisalmacen/system/Database/BaseConnection.php(643): CodeIgniter\Database\BaseConnection->initialize()
#2 /Users/zireael/Documents/GitHub/sisalmacen/system/Database/BaseBuilder.php(2234): CodeIgniter\Database\BaseConnection->query('INSERT INTO `st...', Array, false)
#3 /Users/zireael/Documents/GitHub/sisalmacen/app/Models/BaseModel.php(16): CodeIgniter\Database\BaseBuilder->insert(Array)
#4 /Users/zireael/Documents/GitHub/sisalmacen/app/Controllers/BaseController.php(97): App\Models\BaseModel->recordlog(Array)
#5 /Users/zireael/Documents/GitHub/sisalmacen/app/Controllers/BaseController.php(59): App\Controllers\BaseController->watson('127.0.0.1', 'inicio', NULL, 'Mozilla/5.0 (Ma...', '2026-06-17 05:3...', NULL)
#6 /Users/zireael/Documents/GitHub/sisalmacen/system/CodeIgniter.php(887): App\Controllers\BaseController->initController(Object(CodeIgniter\HTTP\IncomingRequest), Object(CodeIgniter\HTTP\Response), Object(CodeIgniter\Log\Logger))
#7 /Users/zireael/Documents/GitHub/sisalmacen/system/CodeIgniter.php(395): CodeIgniter\CodeIgniter->createController()
#8 /Users/zireael/Documents/GitHub/sisalmacen/system/CodeIgniter.php(308): CodeIgniter\CodeIgniter->handleRequest(NULL, Object(Config\Cache), false)
#9 /Users/zireael/Documents/GitHub/sisalmacen/public/index.php(37): CodeIgniter\CodeIgniter->run()
#10 {main}
CRITICAL - 2026-06-17 17:35:30 --> Access denied for user ''@'localhost' (using password: YES)
#0 /Users/zireael/Documents/GitHub/sisalmacen/system/Database/BaseConnection.php(377): CodeIgniter\Database\MySQLi\Connection->connect(false)
#1 /Users/zireael/Documents/GitHub/sisalmacen/system/Database/BaseConnection.php(643): CodeIgniter\Database\BaseConnection->initialize()
#2 /Users/zireael/Documents/GitHub/sisalmacen/system/Database/BaseBuilder.php(2234): CodeIgniter\Database\BaseConnection->query('INSERT INTO `st...', Array, false)
#3 /Users/zireael/Documents/GitHub/sisalmacen/app/Models/BaseModel.php(16): CodeIgniter\Database\BaseBuilder->insert(Array)
#4 /Users/zireael/Documents/GitHub/sisalmacen/app/Controllers/BaseController.php(97): App\Models\BaseModel->recordlog(Array)
#5 /Users/zireael/Documents/GitHub/sisalmacen/app/Controllers/BaseController.php(59): App\Controllers\BaseController->watson('127.0.0.1', 'inicio', NULL, 'Mozilla/5.0 (Ma...', '2026-06-17 05:3...', NULL)
#6 /Users/zireael/Documents/GitHub/sisalmacen/system/CodeIgniter.php(887): App\Controllers\BaseController->initController(Object(CodeIgniter\HTTP\IncomingRequest), Object(CodeIgniter\HTTP\Response), Object(CodeIgniter\Log\Logger))
#7 /Users/zireael/Documents/GitHub/sisalmacen/system/CodeIgniter.php(395): CodeIgniter\CodeIgniter->createController()
#8 /Users/zireael/Documents/GitHub/sisalmacen/system/CodeIgniter.php(308): CodeIgniter\CodeIgniter->handleRequest(NULL, Object(Config\Cache), false)
#9 /Users/zireael/Documents/GitHub/sisalmacen/public/index.php(37): CodeIgniter\CodeIgniter->run()
#10 {main}
CRITICAL - 2026-06-17 17:35:53 --> Access denied for user ''@'localhost' (using password: YES)
#0 /Users/zireael/Documents/GitHub/sisalmacen/system/Database/BaseConnection.php(377): CodeIgniter\Database\MySQLi\Connection->connect(false)
#1 /Users/zireael/Documents/GitHub/sisalmacen/system/Database/BaseConnection.php(643): CodeIgniter\Database\BaseConnection->initialize()
#2 /Users/zireael/Documents/GitHub/sisalmacen/system/Database/BaseBuilder.php(2234): CodeIgniter\Database\BaseConnection->query('INSERT INTO `st...', Array, false)
#3 /Users/zireael/Documents/GitHub/sisalmacen/app/Models/BaseModel.php(16): CodeIgniter\Database\BaseBuilder->insert(Array)
#4 /Users/zireael/Documents/GitHub/sisalmacen/app/Controllers/BaseController.php(97): App\Models\BaseModel->recordlog(Array)
#5 /Users/zireael/Documents/GitHub/sisalmacen/app/Controllers/BaseController.php(59): App\Controllers\BaseController->watson('127.0.0.1', 'inicio', NULL, 'Mozilla/5.0 (Ma...', '2026-06-17 05:3...', NULL)
#6 /Users/zireael/Documents/GitHub/sisalmacen/system/CodeIgniter.php(887): App\Controllers\BaseController->initController(Object(CodeIgniter\HTTP\IncomingRequest), Object(CodeIgniter\HTTP\Response), Object(CodeIgniter\Log\Logger))
#7 /Users/zireael/Documents/GitHub/sisalmacen/system/CodeIgniter.php(395): CodeIgniter\CodeIgniter->createController()
#8 /Users/zireael/Documents/GitHub/sisalmacen/system/CodeIgniter.php(308): CodeIgniter\CodeIgniter->handleRequest(NULL, Object(Config\Cache), false)
#9 /Users/zireael/Documents/GitHub/sisalmacen/public/index.php(37): CodeIgniter\CodeIgniter->run()
#10 {main}
